<?xml version="1.0" encoding="UTF-8"?>
<!-- Generated by org.testng.reporters.JUnitReportReporter -->
<testsuite name="com.training.testcases.login.LoginTest" tests="2" time="0.002" ignored="0" failures="0" timestamp="16 Mar 2021 02:40:48 GMT" skipped="2" hostname="Jabeens-MacBook-Air-2.local" errors="0">
  <testcase name="loginintosalesandsetup" time="0.001" classname="com.training.testcases.login.LoginTest">
    <skipped/>
  </testcase> <!-- loginintosalesandsetup -->
  <testcase name="loginintosalesandvalidatePageTitle" time="0.001" classname="com.training.testcases.login.LoginTest">
    <skipped/>
  </testcase> <!-- loginintosalesandvalidatePageTitle -->
</testsuite> <!-- com.training.testcases.login.LoginTest -->
