<?xml version="1.0" encoding="UTF-8"?>
<testsuite xmlns:xsi="http://www.w3.org/2001/XMLSchema-instance" xsi:noNamespaceSchemaLocation="https://maven.apache.org/surefire/maven-surefire-plugin/xsd/surefire-test-report.xsd" name="TestSuite" time="0.773" tests="13" errors="0" skipped="11" failures="1">
  <properties>
    <property name="gopherProxySet" value="false"/>
    <property name="awt.toolkit" value="sun.lwawt.macosx.LWCToolkit"/>
    <property name="file.encoding.pkg" value="sun.io"/>
    <property name="java.specification.version" value="1.8"/>
    <property name="sun.cpu.isalist" value=""/>
    <property name="sun.jnu.encoding" value="UTF-8"/>
    <property name="java.class.path" value="/Users/jabeentausia/Downloads/jantwentyonenew/target/test-classes:/Users/jabeentausia/Downloads/jantwentyonenew/target/classes:/Users/jabeentausia/.m2/repository/junit/junit/4.11/junit-4.11.jar:/Users/jabeentausia/.m2/repository/org/hamcrest/hamcrest-core/1.3/hamcrest-core-1.3.jar:/Users/jabeentausia/.m2/repository/com/aventstack/extentreports/3.1.5/extentreports-3.1.5.jar:/Users/jabeentausia/.m2/repository/org/freemarker/freemarker/2.3.23/freemarker-2.3.23.jar:/Users/jabeentausia/.m2/repository/org/mongodb/mongodb-driver/3.3.0/mongodb-driver-3.3.0.jar:/Users/jabeentausia/.m2/repository/org/mongodb/bson/3.3.0/bson-3.3.0.jar:/Users/jabeentausia/.m2/repository/org/mongodb/mongodb-driver-core/3.3.0/mongodb-driver-core-3.3.0.jar:/Users/jabeentausia/.m2/repository/org/apache/httpcomponents/httpclient/4.5.2/httpclient-4.5.2.jar:/Users/jabeentausia/.m2/repository/org/apache/httpcomponents/httpcore/4.4.4/httpcore-4.4.4.jar:/Users/jabeentausia/.m2/repository/commons-logging/commons-logging/1.2/commons-logging-1.2.jar:/Users/jabeentausia/.m2/repository/commons-codec/commons-codec/1.9/commons-codec-1.9.jar:/Users/jabeentausia/.m2/repository/org/apache/httpcomponents/httpmime/4.5.2/httpmime-4.5.2.jar:/Users/jabeentausia/.m2/repository/org/jsoup/jsoup/1.9.2/jsoup-1.9.2.jar:/Users/jabeentausia/.m2/repository/com/google/code/gson/gson/2.8.0/gson-2.8.0.jar:/Users/jabeentausia/.m2/repository/org/testng/testng/6.10/testng-6.10.jar:/Users/jabeentausia/.m2/repository/com/beust/jcommander/1.48/jcommander-1.48.jar:/Users/jabeentausia/.m2/repository/org/seleniumhq/selenium/selenium-server/3.141.5/selenium-server-3.141.5.jar:/Users/jabeentausia/.m2/repository/org/seleniumhq/selenium/selenium-java/3.141.5/selenium-java-3.141.5.jar:/Users/jabeentausia/.m2/repository/org/seleniumhq/selenium/selenium-api/3.141.5/selenium-api-3.141.5.jar:/Users/jabeentausia/.m2/repository/org/seleniumhq/selenium/selenium-chrome-driver/3.141.5/selenium-chrome-driver-3.141.5.jar:/Users/jabeentausia/.m2/repository/org/seleniumhq/selenium/selenium-edge-driver/3.141.5/selenium-edge-driver-3.141.5.jar:/Users/jabeentausia/.m2/repository/org/seleniumhq/selenium/selenium-firefox-driver/3.141.5/selenium-firefox-driver-3.141.5.jar:/Users/jabeentausia/.m2/repository/org/seleniumhq/selenium/selenium-ie-driver/3.141.5/selenium-ie-driver-3.141.5.jar:/Users/jabeentausia/.m2/repository/org/seleniumhq/selenium/selenium-opera-driver/3.141.5/selenium-opera-driver-3.141.5.jar:/Users/jabeentausia/.m2/repository/org/seleniumhq/selenium/selenium-remote-driver/3.141.5/selenium-remote-driver-3.141.5.jar:/Users/jabeentausia/.m2/repository/org/seleniumhq/selenium/selenium-safari-driver/3.141.5/selenium-safari-driver-3.141.5.jar:/Users/jabeentausia/.m2/repository/org/seleniumhq/selenium/selenium-support/3.141.5/selenium-support-3.141.5.jar:/Users/jabeentausia/.m2/repository/net/bytebuddy/byte-buddy/1.8.15/byte-buddy-1.8.15.jar:/Users/jabeentausia/.m2/repository/org/apache/commons/commons-exec/1.3/commons-exec-1.3.jar:/Users/jabeentausia/.m2/repository/com/google/guava/guava/25.0-jre/guava-25.0-jre.jar:/Users/jabeentausia/.m2/repository/com/google/code/findbugs/jsr305/1.3.9/jsr305-1.3.9.jar:/Users/jabeentausia/.m2/repository/org/checkerframework/checker-compat-qual/2.0.0/checker-compat-qual-2.0.0.jar:/Users/jabeentausia/.m2/repository/com/google/errorprone/error_prone_annotations/2.1.3/error_prone_annotations-2.1.3.jar:/Users/jabeentausia/.m2/repository/com/google/j2objc/j2objc-annotations/1.1/j2objc-annotations-1.1.jar:/Users/jabeentausia/.m2/repository/org/codehaus/mojo/animal-sniffer-annotations/1.14/animal-sniffer-annotations-1.14.jar:/Users/jabeentausia/.m2/repository/net/jcip/jcip-annotations/1.0/jcip-annotations-1.0.jar:/Users/jabeentausia/.m2/repository/org/seleniumhq/selenium/jetty-repacked/9.4.12.v20180830/jetty-repacked-9.4.12.v20180830.jar:/Users/jabeentausia/.m2/repository/com/squareup/okhttp3/okhttp/3.11.0/okhttp-3.11.0.jar:/Users/jabeentausia/.m2/repository/com/squareup/okio/okio/1.14.0/okio-1.14.0.jar:/Users/jabeentausia/.m2/repository/javax/servlet/javax.servlet-api/3.1.0/javax.servlet-api-3.1.0.jar:/Users/jabeentausia/.m2/repository/org/yaml/snakeyaml/1.19/snakeyaml-1.19.jar:/Users/jabeentausia/.m2/repository/io/github/bonigarcia/webdrivermanager/3.3.0/webdrivermanager-3.3.0.jar:/Users/jabeentausia/.m2/repository/org/slf4j/slf4j-api/1.7.25/slf4j-api-1.7.25.jar:/Users/jabeentausia/.m2/repository/commons-io/commons-io/2.6/commons-io-2.6.jar:/Users/jabeentausia/.m2/repository/org/apache/commons/commons-lang3/3.8.1/commons-lang3-3.8.1.jar:/Users/jabeentausia/.m2/repository/org/rauschig/jarchivelib/1.0.0/jarchivelib-1.0.0.jar:/Users/jabeentausia/.m2/repository/org/apache/commons/commons-compress/1.18/commons-compress-1.18.jar:"/>
    <property name="java.vm.vendor" value="Oracle Corporation"/>
    <property name="sun.arch.data.model" value="64"/>
    <property name="java.vendor.url" value="http://java.oracle.com/"/>
    <property name="user.timezone" value=""/>
    <property name="java.vm.specification.version" value="1.8"/>
    <property name="os.name" value="Mac OS X"/>
    <property name="user.country" value="US"/>
    <property name="sun.java.launcher" value="SUN_STANDARD"/>
    <property name="sun.boot.library.path" value="/Library/Java/JavaVirtualMachines/jdk1.8.0_202.jdk/Contents/Home/jre/lib"/>
    <property name="sun.java.command" value="/Users/jabeentausia/Downloads/jantwentyonenew/target/surefire/surefirebooter2097023072967179967.jar /Users/jabeentausia/Downloads/jantwentyonenew/target/surefire 2021-03-15T19-40-47_377-jvmRun1 surefire8017426521736539604tmp surefire_01955584768303189504tmp"/>
    <property name="http.nonProxyHosts" value="local|*.local|169.254/16|*.169.254/16"/>
    <property name="surefire.test.class.path" value="/Users/jabeentausia/Downloads/jantwentyonenew/target/test-classes:/Users/jabeentausia/Downloads/jantwentyonenew/target/classes:/Users/jabeentausia/.m2/repository/junit/junit/4.11/junit-4.11.jar:/Users/jabeentausia/.m2/repository/org/hamcrest/hamcrest-core/1.3/hamcrest-core-1.3.jar:/Users/jabeentausia/.m2/repository/com/aventstack/extentreports/3.1.5/extentreports-3.1.5.jar:/Users/jabeentausia/.m2/repository/org/freemarker/freemarker/2.3.23/freemarker-2.3.23.jar:/Users/jabeentausia/.m2/repository/org/mongodb/mongodb-driver/3.3.0/mongodb-driver-3.3.0.jar:/Users/jabeentausia/.m2/repository/org/mongodb/bson/3.3.0/bson-3.3.0.jar:/Users/jabeentausia/.m2/repository/org/mongodb/mongodb-driver-core/3.3.0/mongodb-driver-core-3.3.0.jar:/Users/jabeentausia/.m2/repository/org/apache/httpcomponents/httpclient/4.5.2/httpclient-4.5.2.jar:/Users/jabeentausia/.m2/repository/org/apache/httpcomponents/httpcore/4.4.4/httpcore-4.4.4.jar:/Users/jabeentausia/.m2/repository/commons-logging/commons-logging/1.2/commons-logging-1.2.jar:/Users/jabeentausia/.m2/repository/commons-codec/commons-codec/1.9/commons-codec-1.9.jar:/Users/jabeentausia/.m2/repository/org/apache/httpcomponents/httpmime/4.5.2/httpmime-4.5.2.jar:/Users/jabeentausia/.m2/repository/org/jsoup/jsoup/1.9.2/jsoup-1.9.2.jar:/Users/jabeentausia/.m2/repository/com/google/code/gson/gson/2.8.0/gson-2.8.0.jar:/Users/jabeentausia/.m2/repository/org/testng/testng/6.10/testng-6.10.jar:/Users/jabeentausia/.m2/repository/com/beust/jcommander/1.48/jcommander-1.48.jar:/Users/jabeentausia/.m2/repository/org/seleniumhq/selenium/selenium-server/3.141.5/selenium-server-3.141.5.jar:/Users/jabeentausia/.m2/repository/org/seleniumhq/selenium/selenium-java/3.141.5/selenium-java-3.141.5.jar:/Users/jabeentausia/.m2/repository/org/seleniumhq/selenium/selenium-api/3.141.5/selenium-api-3.141.5.jar:/Users/jabeentausia/.m2/repository/org/seleniumhq/selenium/selenium-chrome-driver/3.141.5/selenium-chrome-driver-3.141.5.jar:/Users/jabeentausia/.m2/repository/org/seleniumhq/selenium/selenium-edge-driver/3.141.5/selenium-edge-driver-3.141.5.jar:/Users/jabeentausia/.m2/repository/org/seleniumhq/selenium/selenium-firefox-driver/3.141.5/selenium-firefox-driver-3.141.5.jar:/Users/jabeentausia/.m2/repository/org/seleniumhq/selenium/selenium-ie-driver/3.141.5/selenium-ie-driver-3.141.5.jar:/Users/jabeentausia/.m2/repository/org/seleniumhq/selenium/selenium-opera-driver/3.141.5/selenium-opera-driver-3.141.5.jar:/Users/jabeentausia/.m2/repository/org/seleniumhq/selenium/selenium-remote-driver/3.141.5/selenium-remote-driver-3.141.5.jar:/Users/jabeentausia/.m2/repository/org/seleniumhq/selenium/selenium-safari-driver/3.141.5/selenium-safari-driver-3.141.5.jar:/Users/jabeentausia/.m2/repository/org/seleniumhq/selenium/selenium-support/3.141.5/selenium-support-3.141.5.jar:/Users/jabeentausia/.m2/repository/net/bytebuddy/byte-buddy/1.8.15/byte-buddy-1.8.15.jar:/Users/jabeentausia/.m2/repository/org/apache/commons/commons-exec/1.3/commons-exec-1.3.jar:/Users/jabeentausia/.m2/repository/com/google/guava/guava/25.0-jre/guava-25.0-jre.jar:/Users/jabeentausia/.m2/repository/com/google/code/findbugs/jsr305/1.3.9/jsr305-1.3.9.jar:/Users/jabeentausia/.m2/repository/org/checkerframework/checker-compat-qual/2.0.0/checker-compat-qual-2.0.0.jar:/Users/jabeentausia/.m2/repository/com/google/errorprone/error_prone_annotations/2.1.3/error_prone_annotations-2.1.3.jar:/Users/jabeentausia/.m2/repository/com/google/j2objc/j2objc-annotations/1.1/j2objc-annotations-1.1.jar:/Users/jabeentausia/.m2/repository/org/codehaus/mojo/animal-sniffer-annotations/1.14/animal-sniffer-annotations-1.14.jar:/Users/jabeentausia/.m2/repository/net/jcip/jcip-annotations/1.0/jcip-annotations-1.0.jar:/Users/jabeentausia/.m2/repository/org/seleniumhq/selenium/jetty-repacked/9.4.12.v20180830/jetty-repacked-9.4.12.v20180830.jar:/Users/jabeentausia/.m2/repository/com/squareup/okhttp3/okhttp/3.11.0/okhttp-3.11.0.jar:/Users/jabeentausia/.m2/repository/com/squareup/okio/okio/1.14.0/okio-1.14.0.jar:/Users/jabeentausia/.m2/repository/javax/servlet/javax.servlet-api/3.1.0/javax.servlet-api-3.1.0.jar:/Users/jabeentausia/.m2/repository/org/yaml/snakeyaml/1.19/snakeyaml-1.19.jar:/Users/jabeentausia/.m2/repository/io/github/bonigarcia/webdrivermanager/3.3.0/webdrivermanager-3.3.0.jar:/Users/jabeentausia/.m2/repository/org/slf4j/slf4j-api/1.7.25/slf4j-api-1.7.25.jar:/Users/jabeentausia/.m2/repository/commons-io/commons-io/2.6/commons-io-2.6.jar:/Users/jabeentausia/.m2/repository/org/apache/commons/commons-lang3/3.8.1/commons-lang3-3.8.1.jar:/Users/jabeentausia/.m2/repository/org/rauschig/jarchivelib/1.0.0/jarchivelib-1.0.0.jar:/Users/jabeentausia/.m2/repository/org/apache/commons/commons-compress/1.18/commons-compress-1.18.jar:"/>
    <property name="sun.cpu.endian" value="little"/>
    <property name="user.home" value="/Users/jabeentausia"/>
    <property name="user.language" value="en"/>
    <property name="java.specification.vendor" value="Oracle Corporation"/>
    <property name="java.home" value="/Library/Java/JavaVirtualMachines/jdk1.8.0_202.jdk/Contents/Home/jre"/>
    <property name="basedir" value="/Users/jabeentausia/Downloads/jantwentyonenew"/>
    <property name="file.separator" value="/"/>
    <property name="line.separator" value="&#10;"/>
    <property name="java.vm.specification.vendor" value="Oracle Corporation"/>
    <property name="java.specification.name" value="Java Platform API Specification"/>
    <property name="java.awt.graphicsenv" value="sun.awt.CGraphicsEnvironment"/>
    <property name="surefire.real.class.path" value="/Users/jabeentausia/Downloads/jantwentyonenew/target/surefire/surefirebooter2097023072967179967.jar"/>
    <property name="sun.boot.class.path" value="/Library/Java/JavaVirtualMachines/jdk1.8.0_202.jdk/Contents/Home/jre/lib/resources.jar:/Library/Java/JavaVirtualMachines/jdk1.8.0_202.jdk/Contents/Home/jre/lib/rt.jar:/Library/Java/JavaVirtualMachines/jdk1.8.0_202.jdk/Contents/Home/jre/lib/sunrsasign.jar:/Library/Java/JavaVirtualMachines/jdk1.8.0_202.jdk/Contents/Home/jre/lib/jsse.jar:/Library/Java/JavaVirtualMachines/jdk1.8.0_202.jdk/Contents/Home/jre/lib/jce.jar:/Library/Java/JavaVirtualMachines/jdk1.8.0_202.jdk/Contents/Home/jre/lib/charsets.jar:/Library/Java/JavaVirtualMachines/jdk1.8.0_202.jdk/Contents/Home/jre/lib/jfr.jar:/Library/Java/JavaVirtualMachines/jdk1.8.0_202.jdk/Contents/Home/jre/classes"/>
    <property name="sun.management.compiler" value="HotSpot 64-Bit Tiered Compilers"/>
    <property name="ftp.nonProxyHosts" value="local|*.local|169.254/16|*.169.254/16"/>
    <property name="java.runtime.version" value="1.8.0_202-b08"/>
    <property name="user.name" value="jabeentausia"/>
    <property name="path.separator" value=":"/>
    <property name="os.version" value="10.13.6"/>
    <property name="java.endorsed.dirs" value="/Library/Java/JavaVirtualMachines/jdk1.8.0_202.jdk/Contents/Home/jre/lib/endorsed"/>
    <property name="java.runtime.name" value="Java(TM) SE Runtime Environment"/>
    <property name="file.encoding" value="UTF-8"/>
    <property name="java.vm.name" value="Java HotSpot(TM) 64-Bit Server VM"/>
    <property name="localRepository" value="/Users/jabeentausia/.m2/repository"/>
    <property name="java.vendor.url.bug" value="http://bugreport.sun.com/bugreport/"/>
    <property name="java.io.tmpdir" value="/var/folders/cs/2wysxv6s57z3pk6fgr4_y2y80000gn/T/"/>
    <property name="java.version" value="1.8.0_202"/>
    <property name="user.dir" value="/Users/jabeentausia/Downloads/jantwentyonenew"/>
    <property name="os.arch" value="x86_64"/>
    <property name="java.vm.specification.name" value="Java Virtual Machine Specification"/>
    <property name="java.awt.printerjob" value="sun.lwawt.macosx.CPrinterJob"/>
    <property name="sun.os.patch.level" value="unknown"/>
    <property name="java.library.path" value="/Users/jabeentausia/Library/Java/Extensions:/Library/Java/Extensions:/Network/Library/Java/Extensions:/System/Library/Java/Extensions:/usr/lib/java:."/>
    <property name="java.vm.info" value="mixed mode"/>
    <property name="java.vendor" value="Oracle Corporation"/>
    <property name="java.vm.version" value="25.202-b08"/>
    <property name="java.ext.dirs" value="/Users/jabeentausia/Library/Java/Extensions:/Library/Java/JavaVirtualMachines/jdk1.8.0_202.jdk/Contents/Home/jre/lib/ext:/Library/Java/Extensions:/Network/Library/Java/Extensions:/System/Library/Java/Extensions:/usr/lib/java"/>
    <property name="sun.io.unicode.encoding" value="UnicodeBig"/>
    <property name="java.class.version" value="52.0"/>
    <property name="socksNonProxyHosts" value="local|*.local|169.254/16|*.169.254/16"/>
  </properties>
  <testcase name="beforeTest" classname="com.training.testcases.login.UserDropDownTest" time="0.369">
    <failure message="&#10;Parameter &apos;BrowserName&apos; is required by BeforeMethod on method beforeTest but has not been marked @Optional or defined&#10;" type="org.testng.TestNGException">org.testng.TestNGException: 

Parameter 'BrowserName' is required by BeforeMethod on method beforeTest but has not been marked @Optional or defined

</failure>
  </testcase>
  <testcase name="beforeTest" classname="com.training.testcases.login.UserDropDownTest" time="0">
    <skipped/>
  </testcase>
  <testcase name="loginintosalesandsetup" classname="com.training.testcases.login.UserDropDownTest" time="0">
    <skipped message="&#10;Parameter &apos;BrowserName&apos; is required by BeforeMethod on method beforeTest but has not been marked @Optional or defined&#10;"/>
  </testcase>
  <testcase name="afterSuite" classname="com.training.testcases.login.UserDropDownTest" time="0">
    <skipped/>
  </testcase>
  <testcase name="afterSuite" classname="com.training.testcases.login.UserDropDownTest" time="0">
    <skipped/>
  </testcase>
  <testcase name="loginintosalesandvalidatePageTitle" classname="com.training.testcases.login.UserDropDownTest" time="0">
    <skipped message="&#10;Parameter &apos;BrowserName&apos; is required by BeforeMethod on method beforeTest but has not been marked @Optional or defined&#10;"/>
  </testcase>
  <testcase name="beforeTest" classname="com.training.testcases.login.LoginTest" time="0">
    <skipped/>
  </testcase>
  <testcase name="beforeTest" classname="com.training.testcases.login.LoginTest" time="0">
    <skipped/>
  </testcase>
  <testcase name="loginintosalesandsetup" classname="com.training.testcases.login.LoginTest" time="0">
    <skipped message="&#10;Parameter &apos;BrowserName&apos; is required by BeforeMethod on method beforeTest but has not been marked @Optional or defined&#10;"/>
  </testcase>
  <testcase name="afterSuite" classname="com.training.testcases.login.LoginTest" time="0">
    <skipped/>
  </testcase>
  <testcase name="afterSuite" classname="com.training.testcases.login.LoginTest" time="0">
    <skipped/>
  </testcase>
  <testcase name="loginintosalesandvalidatePageTitle" classname="com.training.testcases.login.LoginTest" time="0">
    <skipped message="&#10;Parameter &apos;BrowserName&apos; is required by BeforeMethod on method beforeTest but has not been marked @Optional or defined&#10;"/>
  </testcase>
  <testcase name="shouldAnswerWithTrue on shouldAnswerWithTrue(com.training.testcases.AppTest)" classname="com.training.testcases.AppTest" time="0.002"/>
</testsuite>