<?xml version="1.0" encoding="UTF-8"?>
<!-- Generated by org.testng.reporters.JUnitReportReporter -->
<testsuite name="com.training.testcases.AppTest" tests="1" time="0.019" ignored="0" failures="0" timestamp="16 Mar 2021 02:40:49 GMT" skipped="0" hostname="Jabeens-MacBook-Air-2.local" errors="0">
  <testcase name="shouldAnswerWithTrue" time="0.019" classname="com.training.testcases.AppTest"/>
</testsuite> <!-- com.training.testcases.AppTest -->
