<?xml version="1.0" encoding="UTF-8"?>
<!-- Generated by org.testng.reporters.JUnitReportReporter -->
<testsuite name="com.training.testcases.login.LoginTest" tests="1" time="14.423" ignored="4" failures="0" timestamp="17 Mar 2021 22:38:54 GMT" skipped="0" hostname="Jabeens-MacBook-Air-2.local" errors="0">
  <testcase name="tc04_forgotPassError" time="14.423" classname="com.training.testcases.login.LoginTest"/>
  <testcase name="tc03_validateRememberMe" classname="com.training.testcases.login.LoginTest">
    <skipped/>
  </testcase> <!-- tc03_validateRememberMe -->
  <testcase name="tc01_validateErrorLoginScreen" classname="com.training.testcases.login.LoginTest">
    <skipped/>
  </testcase> <!-- tc01_validateErrorLoginScreen -->
  <testcase name="tc02_loginintosalesandvalidatePageTitle" classname="com.training.testcases.login.LoginTest">
    <skipped/>
  </testcase> <!-- tc02_loginintosalesandvalidatePageTitle -->
  <testcase name="loginintosalesandsetup" classname="com.training.testcases.login.LoginTest">
    <skipped/>
  </testcase> <!-- loginintosalesandsetup -->
</testsuite> <!-- com.training.testcases.login.LoginTest -->
