<?xml version="1.0" encoding="UTF-8"?>
<!-- Generated by org.testng.reporters.JUnitReportReporter -->
<testsuite ignored="1" hostname="Jabeens-MacBook-Air.local" failures="0" tests="1" name="com.salesforce.testcases.OpportunityTest" time="17.092" errors="0" timestamp="22 Mar 2021 14:25:29 GMT" skipped="0">
  <testcase classname="com.salesforce.testcases.OpportunityTest" name="tc17_validateOpportunitiesPipelinePage" time="17.092"/>
  <testcase classname="com.salesforce.testcases.OpportunityTest" name="tc15_validateOpportunitiesDrpDown">
    <skipped/>
  </testcase> <!-- tc15_validateOpportunitiesDrpDown -->
</testsuite> <!-- com.salesforce.testcases.OpportunityTest -->
