<?xml version="1.0" encoding="UTF-8"?>
<!-- Generated by org.testng.reporters.JUnitReportReporter -->
<testsuite name="com.training.testcases.login.demo" tests="1" time="0.015" ignored="0" failures="0" timestamp="16 Mar 2021 05:54:07 GMT" skipped="0" hostname="Jabeens-MacBook-Air-2.local" errors="0">
  <testcase name="testPrintMessage" time="0.015" classname="com.training.testcases.login.demo"/>
</testsuite> <!-- com.training.testcases.login.demo -->
