<?xml version="1.0" encoding="UTF-8"?>
<!-- Generated by org.testng.reporters.JUnitReportReporter -->
<testsuite name="com.salesforce.testcases.AccountsTest" tests="1" time="17.019" ignored="0" failures="0" timestamp="21 Mar 2021 06:44:05 GMT" skipped="0" hostname="Jabeens-MacBook-Air-2.local" errors="0">
  <testcase name="tc10_validateCreateAccount" time="17.019" classname="com.salesforce.testcases.AccountsTest"/>
</testsuite> <!-- com.salesforce.testcases.AccountsTest -->
