<?xml version="1.0" encoding="UTF-8"?>
<!-- Generated by org.testng.reporters.JUnitReportReporter -->
<testsuite ignored="2" hostname="Jabeens-MacBook-Air.local" failures="0" tests="1" name="com.salesforce.testcases.AccountsTest" time="22.873" errors="0" timestamp="22 Mar 2021 14:10:57 GMT" skipped="0">
  <testcase classname="com.salesforce.testcases.AccountsTest" name="tc10_validateCreateAccount" time="22.873"/>
  <testcase classname="com.salesforce.testcases.AccountsTest" name="tc11_validateNewView">
    <skipped/>
  </testcase> <!-- tc11_validateNewView -->
  <testcase classname="com.salesforce.testcases.AccountsTest" name="tc13_validateMergeAcc">
    <skipped/>
  </testcase> <!-- tc13_validateMergeAcc -->
</testsuite> <!-- com.salesforce.testcases.AccountsTest -->
