<?xml version="1.0" encoding="UTF-8"?>
<!-- Generated by org.testng.reporters.JUnitReportReporter -->
<testsuite name="com.salesforce.testcases.HomePageUserMenuTest" tests="1" time="13.099" ignored="8" failures="0" timestamp="21 Mar 2021 02:31:59 GMT" skipped="0" hostname="Jabeens-MacBook-Air-2.local" errors="0">
  <testcase name="tc09_validateLogOut" time="13.099" classname="com.salesforce.testcases.HomePageUserMenuTest"/>
  <testcase name="loginintosalesandsetup" classname="com.salesforce.testcases.LoginTest">
    <skipped/>
  </testcase> <!-- loginintosalesandsetup -->
  <testcase name="tc04_forgotPassError" classname="com.salesforce.testcases.LoginTest">
    <skipped/>
  </testcase> <!-- tc04_forgotPassError -->
  <testcase name="tc03_validateRememberMe" classname="com.salesforce.testcases.LoginTest">
    <skipped/>
  </testcase> <!-- tc03_validateRememberMe -->
  <testcase name="tc02_loginintosalesandvalidatePageTitle" classname="com.salesforce.testcases.LoginTest">
    <skipped/>
  </testcase> <!-- tc02_loginintosalesandvalidatePageTitle -->
  <testcase name="tc01_validateErrorLoginScreen" classname="com.salesforce.testcases.LoginTest">
    <skipped/>
  </testcase> <!-- tc01_validateErrorLoginScreen -->
  <testcase name="tc06_validateMyProfilePost" classname="com.salesforce.testcases.HomePageUserMenuTest">
    <skipped/>
  </testcase> <!-- tc06_validateMyProfilePost -->
  <testcase name="tc05_validateUserMenuList" classname="com.salesforce.testcases.HomePageUserMenuTest">
    <skipped/>
  </testcase> <!-- tc05_validateUserMenuList -->
  <testcase name="tc06_validateMyProfile" classname="com.salesforce.testcases.HomePageUserMenuTest">
    <skipped/>
  </testcase> <!-- tc06_validateMyProfile -->
</testsuite> <!-- com.salesforce.testcases.HomePageUserMenuTest -->
